0 info it worked if it ends with ok
1 verbose cli [ 'C:\\Program Files\\nodejs\\node.exe',
1 verbose cli   'C:\\Users\\kushal.dias\\AppData\\Roaming\\npm\\node_modules\\npm\\bin\\npm-cli.js',
1 verbose cli   'start' ]
2 info using npm@4.1.1
3 info using node@v6.9.2
4 verbose run-script [ 'prestart', 'start', 'poststart' ]
5 info lifecycle canteen@1.0.0~prestart: canteen@1.0.0
6 silly lifecycle canteen@1.0.0~prestart: no script for prestart, continuing
7 info lifecycle canteen@1.0.0~start: canteen@1.0.0
8 verbose lifecycle canteen@1.0.0~start: unsafe-perm in lifecycle true
9 verbose lifecycle canteen@1.0.0~start: PATH: C:\Users\kushal.dias\AppData\Roaming\npm\node_modules\npm\bin\node-gyp-bin;c:\xampp\htdocs\excelreader-api\node_modules\.bin;C:\Program Files\ImageMagick-6.9.2-Q16;C:\app\niranga.jayakody\product\11.2.0\client_1\bin;C:\ProgramData\Oracle\Java\javapath;C:\Program Files (x86)\NVIDIA Corporation\PhysX\Common;C:\Program Files (x86)\Intel\iCLS Client\;C:\Program Files\Intel\iCLS Client\;C:\Windows\system32;C:\Windows;C:\Windows\System32\Wbem;C:\Windows\System32\WindowsPowerShell\v1.0\;C:\Program Files\Intel\Intel(R) Management Engine Components\DAL;C:\Program Files\Intel\Intel(R) Management Engine Components\IPT;C:\Program Files (x86)\Intel\Intel(R) Management Engine Components\DAL;C:\Program Files (x86)\Intel\Intel(R) Management Engine Components\IPT;C:\instantclient_12_1;C:\Program Files (x86)\Windows Live\Shared;C:\xampp\php;C:\ProgramData\ComposerSetup\bin;C:\Program Files (x86)\Windows Kits\8.1\Windows Performance Toolkit\;C:\Program Files\Microsoft SQL Server\110\Tools\Binn\;C:\Program Files (x86)\Microsoft SQL Server\100\Tools\Binn\;C:\Program Files\Microsoft SQL Server\100\Tools\Binn\;C:\Program Files\Microsoft SQL Server\100\DTS\Binn\;C:\Program Files (x86)\Microsoft SQL Server\100\Tools\Binn\VSShell\Common7\IDE\;C:\Program Files (x86)\Microsoft Visual Studio 9.0\Common7\IDE\PrivateAssemblies\;C:\Program Files (x86)\Microsoft SQL Server\100\DTS\Binn\;C:\Program Files\Git\cmd;C:\Program Files\Git\mingw64\bin;C:\Program Files\Git\usr\bin;C:\Program Files (x86)\Skype\Phone\;C:\Program Files (x86)\Brackets\command;C:\Program Files\TortoiseSVN\bin;C:\Program Files\nodejs\;C:\Users\kushal.dias\AppData\Roaming\npm
10 verbose lifecycle canteen@1.0.0~start: CWD: c:\xampp\htdocs\excelreader-api
11 silly lifecycle canteen@1.0.0~start: Args: [ '/d /s /c', 'node server.js' ]
12 silly lifecycle canteen@1.0.0~start: Returned: code: 1  signal: null
13 info lifecycle canteen@1.0.0~start: Failed to exec start script
14 verbose stack Error: canteen@1.0.0 start: `node server.js`
14 verbose stack Exit status 1
14 verbose stack     at EventEmitter.<anonymous> (C:\Users\kushal.dias\AppData\Roaming\npm\node_modules\npm\lib\utils\lifecycle.js:279:16)
14 verbose stack     at emitTwo (events.js:106:13)
14 verbose stack     at EventEmitter.emit (events.js:191:7)
14 verbose stack     at ChildProcess.<anonymous> (C:\Users\kushal.dias\AppData\Roaming\npm\node_modules\npm\lib\utils\spawn.js:40:14)
14 verbose stack     at emitTwo (events.js:106:13)
14 verbose stack     at ChildProcess.emit (events.js:191:7)
14 verbose stack     at maybeClose (internal/child_process.js:877:16)
14 verbose stack     at Process.ChildProcess._handle.onexit (internal/child_process.js:226:5)
15 verbose pkgid canteen@1.0.0
16 verbose cwd c:\xampp\htdocs\excelreader-api
17 error Windows_NT 6.3.9600
18 error argv "C:\\Program Files\\nodejs\\node.exe" "C:\\Users\\kushal.dias\\AppData\\Roaming\\npm\\node_modules\\npm\\bin\\npm-cli.js" "start"
19 error node v6.9.2
20 error npm  v4.1.1
21 error code ELIFECYCLE
22 error canteen@1.0.0 start: `node server.js`
22 error Exit status 1
23 error Failed at the canteen@1.0.0 start script 'node server.js'.
23 error Make sure you have the latest version of node.js and npm installed.
23 error If you do, this is most likely a problem with the canteen package,
23 error not with npm itself.
23 error Tell the author that this fails on your system:
23 error     node server.js
23 error You can get information on how to open an issue for this project with:
23 error     npm bugs canteen
23 error Or if that isn't available, you can get their info via:
23 error     npm owner ls canteen
23 error There is likely additional logging output above.
24 verbose exit [ 1, true ]
